The system is: Windows - 10.0.19041 - AMD64
Compiling the C compiler identification source file "CMakeCCompilerId.c" succeeded.
Compiler: C:/Program Files (x86)/Microsoft Visual Studio/2019/Community/VC/Tools/MSVC/14.28.29333/bin/Hostx86/x86/cl.exe 
Build flags: 
Id flags:  

The output was:
0
Microsoft (R) C/C++ Optimizing Compiler Version 19.28.29337 for x86
Copyright (C) Microsoft Corporation.  All rights reserved.

CMakeCCompilerId.c
Microsoft (R) Incremental Linker Version 14.28.29337.0
Copyright (C) Microsoft Corporation.  All rights reserved.

/out:CMakeCCompilerId.exe 
CMakeCCompilerId.obj 


Compilation of the C compiler identification source "CMakeCCompilerId.c" produced "CMakeCCompilerId.exe"

Compilation of the C compiler identification source "CMakeCCompilerId.c" produced "CMakeCCompilerId.obj"

The C compiler identification is MSVC, found in "C:/Users/Kubinio/CLionProjects/untitled3/JIPP2/Library/cmake-build-debug-visual-studio/CMakeFiles/3.20.2/CompilerIdC/CMakeCCompilerId.exe"

Compiling the CXX compiler identification source file "CMakeCXXCompilerId.cpp" succeeded.
Compiler: C:/Program Files (x86)/Microsoft Visual Studio/2019/Community/VC/Tools/MSVC/14.28.29333/bin/Hostx86/x86/cl.exe 
Build flags: 
Id flags:  

The output was:
0
Microsoft (R) C/C++ Optimizing Compiler Version 19.28.29337 for x86
Copyright (C) Microsoft Corporation.  All rights reserved.

CMakeCXXCompilerId.cpp
Microsoft (R) Incremental Linker Version 14.28.29337.0
Copyright (C) Microsoft Corporation.  All rights reserved.

/out:CMakeCXXCompilerId.exe 
CMakeCXXCompilerId.obj 


Compilation of the CXX compiler identification source "CMakeCXXCompilerId.cpp" produced "CMakeCXXCompilerId.exe"

Compilation of the CXX compiler identification source "CMakeCXXCompilerId.cpp" produced "CMakeCXXCompilerId.obj"

The CXX compiler identification is MSVC, found in "C:/Users/Kubinio/CLionProjects/untitled3/JIPP2/Library/cmake-build-debug-visual-studio/CMakeFiles/3.20.2/CompilerIdCXX/CMakeCXXCompilerId.exe"

Detecting C compiler ABI info compiled with the following output:
Change Dir: C:/Users/Kubinio/CLionProjects/untitled3/JIPP2/Library/cmake-build-debug-visual-studio/CMakeFiles/CMakeTmp

Run Build Command(s):nmake -f Makefile /nologo cmTC_75c22\fast && 	"C:\Program Files (x86)\Microsoft Visual Studio\2019\Community\VC\Tools\MSVC\14.28.29333\bin\HostX86\x86\nmake.exe"  -f CMakeFiles\cmTC_75c22.dir\build.make /nologo -L                  CMakeFiles\cmTC_75c22.dir\build
Building C object CMakeFiles/cmTC_75c22.dir/CMakeCCompilerABI.c.obj
	"X:\JetBrains\CLion 2021.2.2\bin\cmake\win\bin\cmake.exe" -E cmake_cl_compile_depends --dep-file=CMakeFiles\cmTC_75c22.dir\CMakeCCompilerABI.c.obj.d --working-dir=C:\Users\Kubinio\CLionProjects\untitled3\JIPP2\Library\cmake-build-debug-visual-studio\CMakeFiles\CMakeTmp --filter-prefix="" -- C:\PROGRA~2\MICROS~4\2019\Community\VC\Tools\MSVC\14.28.29333\bin\Hostx86\x86\cl.exe @C:\Users\Kubinio\AppData\Local\Temp\nmA775.tmp
Linking C executable cmTC_75c22.exe
	"X:\JetBrains\CLion 2021.2.2\bin\cmake\win\bin\cmake.exe" -E vs_link_exe --intdir=CMakeFiles\cmTC_75c22.dir --rc="C:\PROGRA~2\Windows Kits\10\bin\10.0.18362.0\x86\rc.exe" --mt="C:\PROGRA~2\Windows Kits\10\bin\10.0.18362.0\x86\mt.exe" --manifests -- C:\PROGRA~2\MICROS~4\2019\Community\VC\Tools\MSVC\14.28.29333\bin\Hostx86\x86\link.exe /nologo @CMakeFiles\cmTC_75c22.dir\objects1.rsp @C:\Users\Kubinio\AppData\Local\Temp\nmA95B.tmp



Detecting CXX compiler ABI info compiled with the following output:
Change Dir: C:/Users/Kubinio/CLionProjects/untitled3/JIPP2/Library/cmake-build-debug-visual-studio/CMakeFiles/CMakeTmp

Run Build Command(s):nmake -f Makefile /nologo cmTC_9575c\fast && 	"C:\Program Files (x86)\Microsoft Visual Studio\2019\Community\VC\Tools\MSVC\14.28.29333\bin\HostX86\x86\nmake.exe"  -f CMakeFiles\cmTC_9575c.dir\build.make /nologo -L                  CMakeFiles\cmTC_9575c.dir\build
Building CXX object CMakeFiles/cmTC_9575c.dir/CMakeCXXCompilerABI.cpp.obj
	"X:\JetBrains\CLion 2021.2.2\bin\cmake\win\bin\cmake.exe" -E cmake_cl_compile_depends --dep-file=CMakeFiles\cmTC_9575c.dir\CMakeCXXCompilerABI.cpp.obj.d --working-dir=C:\Users\Kubinio\CLionProjects\untitled3\JIPP2\Library\cmake-build-debug-visual-studio\CMakeFiles\CMakeTmp --filter-prefix="" -- C:\PROGRA~2\MICROS~4\2019\Community\VC\Tools\MSVC\14.28.29333\bin\Hostx86\x86\cl.exe @C:\Users\Kubinio\AppData\Local\Temp\nmAEF7.tmp
Linking CXX executable cmTC_9575c.exe
	"X:\JetBrains\CLion 2021.2.2\bin\cmake\win\bin\cmake.exe" -E vs_link_exe --intdir=CMakeFiles\cmTC_9575c.dir --rc="C:\PROGRA~2\Windows Kits\10\bin\10.0.18362.0\x86\rc.exe" --mt="C:\PROGRA~2\Windows Kits\10\bin\10.0.18362.0\x86\mt.exe" --manifests -- C:\PROGRA~2\MICROS~4\2019\Community\VC\Tools\MSVC\14.28.29333\bin\Hostx86\x86\link.exe /nologo @CMakeFiles\cmTC_9575c.dir\objects1.rsp @C:\Users\Kubinio\AppData\Local\Temp\nmAFC3.tmp



